<?xml version="1.0" encoding="UTF-8"?>
<testsuite xmlns:xsi="http://www.w3.org/2001/XMLSchema-instance" xsi:noNamespaceSchemaLocation="https://maven.apache.org/surefire/maven-surefire-plugin/xsd/surefire-test-report.xsd" name="hu.webuni.airport.mark.HrApplicationTests" time="0.177" tests="1" errors="1" skipped="0" failures="0">
  <properties>
    <property name="java.specification.version" value="17"/>
    <property name="sun.cpu.isalist" value="amd64"/>
    <property name="sun.jnu.encoding" value="Cp1250"/>
    <property name="java.class.path" value="C:\Users\hollom\Documents\Java\hr\target\test-classes;C:\Users\hollom\Documents\Java\hr\target\classes;C:\Users\hollom\.m2\repository\org\springframework\boot\spring-boot-starter\2.5.13\spring-boot-starter-2.5.13.jar;C:\Users\hollom\.m2\repository\org\springframework\boot\spring-boot\2.5.13\spring-boot-2.5.13.jar;C:\Users\hollom\.m2\repository\org\springframework\spring-context\5.3.19\spring-context-5.3.19.jar;C:\Users\hollom\.m2\repository\org\springframework\boot\spring-boot-autoconfigure\2.5.13\spring-boot-autoconfigure-2.5.13.jar;C:\Users\hollom\.m2\repository\org\springframework\boot\spring-boot-starter-logging\2.5.13\spring-boot-starter-logging-2.5.13.jar;C:\Users\hollom\.m2\repository\ch\qos\logback\logback-classic\1.2.11\logback-classic-1.2.11.jar;C:\Users\hollom\.m2\repository\ch\qos\logback\logback-core\1.2.11\logback-core-1.2.11.jar;C:\Users\hollom\.m2\repository\org\apache\logging\log4j\log4j-to-slf4j\2.17.2\log4j-to-slf4j-2.17.2.jar;C:\Users\hollom\.m2\repository\org\apache\logging\log4j\log4j-api\2.17.2\log4j-api-2.17.2.jar;C:\Users\hollom\.m2\repository\org\slf4j\jul-to-slf4j\1.7.36\jul-to-slf4j-1.7.36.jar;C:\Users\hollom\.m2\repository\jakarta\annotation\jakarta.annotation-api\1.3.5\jakarta.annotation-api-1.3.5.jar;C:\Users\hollom\.m2\repository\org\springframework\spring-core\5.3.19\spring-core-5.3.19.jar;C:\Users\hollom\.m2\repository\org\springframework\spring-jcl\5.3.19\spring-jcl-5.3.19.jar;C:\Users\hollom\.m2\repository\org\yaml\snakeyaml\1.28\snakeyaml-1.28.jar;C:\Users\hollom\.m2\repository\org\springframework\boot\spring-boot-starter-web\2.5.13\spring-boot-starter-web-2.5.13.jar;C:\Users\hollom\.m2\repository\org\springframework\boot\spring-boot-starter-json\2.5.13\spring-boot-starter-json-2.5.13.jar;C:\Users\hollom\.m2\repository\com\fasterxml\jackson\core\jackson-databind\2.12.6.1\jackson-databind-2.12.6.1.jar;C:\Users\hollom\.m2\repository\com\fasterxml\jackson\core\jackson-annotations\2.12.6\jackson-annotations-2.12.6.jar;C:\Users\hollom\.m2\repository\com\fasterxml\jackson\datatype\jackson-datatype-jdk8\2.12.6\jackson-datatype-jdk8-2.12.6.jar;C:\Users\hollom\.m2\repository\com\fasterxml\jackson\datatype\jackson-datatype-jsr310\2.12.6\jackson-datatype-jsr310-2.12.6.jar;C:\Users\hollom\.m2\repository\com\fasterxml\jackson\module\jackson-module-parameter-names\2.12.6\jackson-module-parameter-names-2.12.6.jar;C:\Users\hollom\.m2\repository\org\springframework\boot\spring-boot-starter-tomcat\2.5.13\spring-boot-starter-tomcat-2.5.13.jar;C:\Users\hollom\.m2\repository\org\apache\tomcat\embed\tomcat-embed-core\9.0.62\tomcat-embed-core-9.0.62.jar;C:\Users\hollom\.m2\repository\org\apache\tomcat\embed\tomcat-embed-websocket\9.0.62\tomcat-embed-websocket-9.0.62.jar;C:\Users\hollom\.m2\repository\org\springframework\spring-web\5.3.19\spring-web-5.3.19.jar;C:\Users\hollom\.m2\repository\org\springframework\spring-beans\5.3.19\spring-beans-5.3.19.jar;C:\Users\hollom\.m2\repository\org\springframework\spring-webmvc\5.3.19\spring-webmvc-5.3.19.jar;C:\Users\hollom\.m2\repository\org\springframework\spring-aop\5.3.19\spring-aop-5.3.19.jar;C:\Users\hollom\.m2\repository\org\springframework\spring-expression\5.3.19\spring-expression-5.3.19.jar;C:\Users\hollom\.m2\repository\org\springframework\boot\spring-boot-starter-thymeleaf\2.5.13\spring-boot-starter-thymeleaf-2.5.13.jar;C:\Users\hollom\.m2\repository\org\thymeleaf\thymeleaf-spring5\3.0.15.RELEASE\thymeleaf-spring5-3.0.15.RELEASE.jar;C:\Users\hollom\.m2\repository\org\thymeleaf\thymeleaf\3.0.15.RELEASE\thymeleaf-3.0.15.RELEASE.jar;C:\Users\hollom\.m2\repository\org\attoparser\attoparser\2.0.5.RELEASE\attoparser-2.0.5.RELEASE.jar;C:\Users\hollom\.m2\repository\org\unbescape\unbescape\1.1.6.RELEASE\unbescape-1.1.6.RELEASE.jar;C:\Users\hollom\.m2\repository\org\slf4j\slf4j-api\1.7.36\slf4j-api-1.7.36.jar;C:\Users\hollom\.m2\repository\org\thymeleaf\extras\thymeleaf-extras-java8time\3.0.4.RELEASE\thymeleaf-extras-java8time-3.0.4.RELEASE.jar;C:\Users\hollom\.m2\repository\org\springframework\boot\spring-boot-starter-test\2.5.13\spring-boot-starter-test-2.5.13.jar;C:\Users\hollom\.m2\repository\org\springframework\boot\spring-boot-test\2.5.13\spring-boot-test-2.5.13.jar;C:\Users\hollom\.m2\repository\org\springframework\boot\spring-boot-test-autoconfigure\2.5.13\spring-boot-test-autoconfigure-2.5.13.jar;C:\Users\hollom\.m2\repository\com\jayway\jsonpath\json-path\2.5.0\json-path-2.5.0.jar;C:\Users\hollom\.m2\repository\net\minidev\json-smart\2.4.8\json-smart-2.4.8.jar;C:\Users\hollom\.m2\repository\net\minidev\accessors-smart\2.4.8\accessors-smart-2.4.8.jar;C:\Users\hollom\.m2\repository\org\ow2\asm\asm\9.1\asm-9.1.jar;C:\Users\hollom\.m2\repository\jakarta\xml\bind\jakarta.xml.bind-api\2.3.3\jakarta.xml.bind-api-2.3.3.jar;C:\Users\hollom\.m2\repository\jakarta\activation\jakarta.activation-api\1.2.2\jakarta.activation-api-1.2.2.jar;C:\Users\hollom\.m2\repository\org\assertj\assertj-core\3.19.0\assertj-core-3.19.0.jar;C:\Users\hollom\.m2\repository\org\hamcrest\hamcrest\2.2\hamcrest-2.2.jar;C:\Users\hollom\.m2\repository\org\junit\jupiter\junit-jupiter\5.7.2\junit-jupiter-5.7.2.jar;C:\Users\hollom\.m2\repository\org\junit\jupiter\junit-jupiter-api\5.7.2\junit-jupiter-api-5.7.2.jar;C:\Users\hollom\.m2\repository\org\apiguardian\apiguardian-api\1.1.0\apiguardian-api-1.1.0.jar;C:\Users\hollom\.m2\repository\org\opentest4j\opentest4j\1.2.0\opentest4j-1.2.0.jar;C:\Users\hollom\.m2\repository\org\junit\platform\junit-platform-commons\1.7.2\junit-platform-commons-1.7.2.jar;C:\Users\hollom\.m2\repository\org\junit\jupiter\junit-jupiter-params\5.7.2\junit-jupiter-params-5.7.2.jar;C:\Users\hollom\.m2\repository\org\junit\jupiter\junit-jupiter-engine\5.7.2\junit-jupiter-engine-5.7.2.jar;C:\Users\hollom\.m2\repository\org\junit\platform\junit-platform-engine\1.7.2\junit-platform-engine-1.7.2.jar;C:\Users\hollom\.m2\repository\org\mockito\mockito-core\3.9.0\mockito-core-3.9.0.jar;C:\Users\hollom\.m2\repository\net\bytebuddy\byte-buddy\1.10.22\byte-buddy-1.10.22.jar;C:\Users\hollom\.m2\repository\net\bytebuddy\byte-buddy-agent\1.10.22\byte-buddy-agent-1.10.22.jar;C:\Users\hollom\.m2\repository\org\objenesis\objenesis\3.2\objenesis-3.2.jar;C:\Users\hollom\.m2\repository\org\mockito\mockito-junit-jupiter\3.9.0\mockito-junit-jupiter-3.9.0.jar;C:\Users\hollom\.m2\repository\org\skyscreamer\jsonassert\1.5.0\jsonassert-1.5.0.jar;C:\Users\hollom\.m2\repository\com\vaadin\external\google\android-json\0.0.20131108.vaadin1\android-json-0.0.20131108.vaadin1.jar;C:\Users\hollom\.m2\repository\org\springframework\spring-test\5.3.19\spring-test-5.3.19.jar;C:\Users\hollom\.m2\repository\org\xmlunit\xmlunit-core\2.8.4\xmlunit-core-2.8.4.jar;C:\Users\hollom\.m2\repository\org\springframework\boot\spring-boot-starter-validation\2.5.13\spring-boot-starter-validation-2.5.13.jar;C:\Users\hollom\.m2\repository\org\apache\tomcat\embed\tomcat-embed-el\9.0.62\tomcat-embed-el-9.0.62.jar;C:\Users\hollom\.m2\repository\org\hibernate\validator\hibernate-validator\6.2.3.Final\hibernate-validator-6.2.3.Final.jar;C:\Users\hollom\.m2\repository\jakarta\validation\jakarta.validation-api\2.0.2\jakarta.validation-api-2.0.2.jar;C:\Users\hollom\.m2\repository\org\jboss\logging\jboss-logging\3.4.3.Final\jboss-logging-3.4.3.Final.jar;C:\Users\hollom\.m2\repository\com\fasterxml\classmate\1.5.1\classmate-1.5.1.jar;C:\Users\hollom\.m2\repository\org\mapstruct\mapstruct\1.4.2.Final\mapstruct-1.4.2.Final.jar;C:\Users\hollom\.m2\repository\org\springdoc\springdoc-openapi-ui\1.5.6\springdoc-openapi-ui-1.5.6.jar;C:\Users\hollom\.m2\repository\org\springdoc\springdoc-openapi-webmvc-core\1.5.6\springdoc-openapi-webmvc-core-1.5.6.jar;C:\Users\hollom\.m2\repository\org\springdoc\springdoc-openapi-common\1.5.6\springdoc-openapi-common-1.5.6.jar;C:\Users\hollom\.m2\repository\io\swagger\core\v3\swagger-models\2.1.7\swagger-models-2.1.7.jar;C:\Users\hollom\.m2\repository\io\swagger\core\v3\swagger-annotations\2.1.7\swagger-annotations-2.1.7.jar;C:\Users\hollom\.m2\repository\io\swagger\core\v3\swagger-integration\2.1.7\swagger-integration-2.1.7.jar;C:\Users\hollom\.m2\repository\io\swagger\core\v3\swagger-core\2.1.7\swagger-core-2.1.7.jar;C:\Users\hollom\.m2\repository\com\fasterxml\jackson\dataformat\jackson-dataformat-yaml\2.12.6\jackson-dataformat-yaml-2.12.6.jar;C:\Users\hollom\.m2\repository\io\github\classgraph\classgraph\4.8.69\classgraph-4.8.69.jar;C:\Users\hollom\.m2\repository\org\apache\commons\commons-lang3\3.12.0\commons-lang3-3.12.0.jar;C:\Users\hollom\.m2\repository\org\webjars\swagger-ui\3.45.0\swagger-ui-3.45.0.jar;C:\Users\hollom\.m2\repository\org\webjars\webjars-locator-core\0.46\webjars-locator-core-0.46.jar;C:\Users\hollom\.m2\repository\com\fasterxml\jackson\core\jackson-core\2.12.6\jackson-core-2.12.6.jar;"/>
    <property name="java.vm.vendor" value="Eclipse Adoptium"/>
    <property name="sun.arch.data.model" value="64"/>
    <property name="user.variant" value=""/>
    <property name="java.vendor.url" value="https://adoptium.net/"/>
    <property name="user.timezone" value="Europe/Budapest"/>
    <property name="os.name" value="Windows 10"/>
    <property name="java.vm.specification.version" value="17"/>
    <property name="sun.java.launcher" value="SUN_STANDARD"/>
    <property name="user.country" value="HU"/>
    <property name="sun.boot.library.path" value="C:\Users\hollom\.p2\pool\plugins\org.eclipse.justj.openjdk.hotspot.jre.full.win32.x86_64_17.0.2.v20220201-1208\jre\bin"/>
    <property name="sun.java.command" value="C:\Users\hollom\AppData\Local\Temp\surefire7928548726750173675\surefirebooter7845167011141523353.jar C:\Users\hollom\AppData\Local\Temp\surefire7928548726750173675 2022-06-06T18-41-46_220-jvmRun1 surefire6838056980978146495tmp surefire_05667976122575452379tmp"/>
    <property name="jdk.debug" value="release"/>
    <property name="surefire.test.class.path" value="C:\Users\hollom\Documents\Java\hr\target\test-classes;C:\Users\hollom\Documents\Java\hr\target\classes;C:\Users\hollom\.m2\repository\org\springframework\boot\spring-boot-starter\2.5.13\spring-boot-starter-2.5.13.jar;C:\Users\hollom\.m2\repository\org\springframework\boot\spring-boot\2.5.13\spring-boot-2.5.13.jar;C:\Users\hollom\.m2\repository\org\springframework\spring-context\5.3.19\spring-context-5.3.19.jar;C:\Users\hollom\.m2\repository\org\springframework\boot\spring-boot-autoconfigure\2.5.13\spring-boot-autoconfigure-2.5.13.jar;C:\Users\hollom\.m2\repository\org\springframework\boot\spring-boot-starter-logging\2.5.13\spring-boot-starter-logging-2.5.13.jar;C:\Users\hollom\.m2\repository\ch\qos\logback\logback-classic\1.2.11\logback-classic-1.2.11.jar;C:\Users\hollom\.m2\repository\ch\qos\logback\logback-core\1.2.11\logback-core-1.2.11.jar;C:\Users\hollom\.m2\repository\org\apache\logging\log4j\log4j-to-slf4j\2.17.2\log4j-to-slf4j-2.17.2.jar;C:\Users\hollom\.m2\repository\org\apache\logging\log4j\log4j-api\2.17.2\log4j-api-2.17.2.jar;C:\Users\hollom\.m2\repository\org\slf4j\jul-to-slf4j\1.7.36\jul-to-slf4j-1.7.36.jar;C:\Users\hollom\.m2\repository\jakarta\annotation\jakarta.annotation-api\1.3.5\jakarta.annotation-api-1.3.5.jar;C:\Users\hollom\.m2\repository\org\springframework\spring-core\5.3.19\spring-core-5.3.19.jar;C:\Users\hollom\.m2\repository\org\springframework\spring-jcl\5.3.19\spring-jcl-5.3.19.jar;C:\Users\hollom\.m2\repository\org\yaml\snakeyaml\1.28\snakeyaml-1.28.jar;C:\Users\hollom\.m2\repository\org\springframework\boot\spring-boot-starter-web\2.5.13\spring-boot-starter-web-2.5.13.jar;C:\Users\hollom\.m2\repository\org\springframework\boot\spring-boot-starter-json\2.5.13\spring-boot-starter-json-2.5.13.jar;C:\Users\hollom\.m2\repository\com\fasterxml\jackson\core\jackson-databind\2.12.6.1\jackson-databind-2.12.6.1.jar;C:\Users\hollom\.m2\repository\com\fasterxml\jackson\core\jackson-annotations\2.12.6\jackson-annotations-2.12.6.jar;C:\Users\hollom\.m2\repository\com\fasterxml\jackson\datatype\jackson-datatype-jdk8\2.12.6\jackson-datatype-jdk8-2.12.6.jar;C:\Users\hollom\.m2\repository\com\fasterxml\jackson\datatype\jackson-datatype-jsr310\2.12.6\jackson-datatype-jsr310-2.12.6.jar;C:\Users\hollom\.m2\repository\com\fasterxml\jackson\module\jackson-module-parameter-names\2.12.6\jackson-module-parameter-names-2.12.6.jar;C:\Users\hollom\.m2\repository\org\springframework\boot\spring-boot-starter-tomcat\2.5.13\spring-boot-starter-tomcat-2.5.13.jar;C:\Users\hollom\.m2\repository\org\apache\tomcat\embed\tomcat-embed-core\9.0.62\tomcat-embed-core-9.0.62.jar;C:\Users\hollom\.m2\repository\org\apache\tomcat\embed\tomcat-embed-websocket\9.0.62\tomcat-embed-websocket-9.0.62.jar;C:\Users\hollom\.m2\repository\org\springframework\spring-web\5.3.19\spring-web-5.3.19.jar;C:\Users\hollom\.m2\repository\org\springframework\spring-beans\5.3.19\spring-beans-5.3.19.jar;C:\Users\hollom\.m2\repository\org\springframework\spring-webmvc\5.3.19\spring-webmvc-5.3.19.jar;C:\Users\hollom\.m2\repository\org\springframework\spring-aop\5.3.19\spring-aop-5.3.19.jar;C:\Users\hollom\.m2\repository\org\springframework\spring-expression\5.3.19\spring-expression-5.3.19.jar;C:\Users\hollom\.m2\repository\org\springframework\boot\spring-boot-starter-thymeleaf\2.5.13\spring-boot-starter-thymeleaf-2.5.13.jar;C:\Users\hollom\.m2\repository\org\thymeleaf\thymeleaf-spring5\3.0.15.RELEASE\thymeleaf-spring5-3.0.15.RELEASE.jar;C:\Users\hollom\.m2\repository\org\thymeleaf\thymeleaf\3.0.15.RELEASE\thymeleaf-3.0.15.RELEASE.jar;C:\Users\hollom\.m2\repository\org\attoparser\attoparser\2.0.5.RELEASE\attoparser-2.0.5.RELEASE.jar;C:\Users\hollom\.m2\repository\org\unbescape\unbescape\1.1.6.RELEASE\unbescape-1.1.6.RELEASE.jar;C:\Users\hollom\.m2\repository\org\slf4j\slf4j-api\1.7.36\slf4j-api-1.7.36.jar;C:\Users\hollom\.m2\repository\org\thymeleaf\extras\thymeleaf-extras-java8time\3.0.4.RELEASE\thymeleaf-extras-java8time-3.0.4.RELEASE.jar;C:\Users\hollom\.m2\repository\org\springframework\boot\spring-boot-starter-test\2.5.13\spring-boot-starter-test-2.5.13.jar;C:\Users\hollom\.m2\repository\org\springframework\boot\spring-boot-test\2.5.13\spring-boot-test-2.5.13.jar;C:\Users\hollom\.m2\repository\org\springframework\boot\spring-boot-test-autoconfigure\2.5.13\spring-boot-test-autoconfigure-2.5.13.jar;C:\Users\hollom\.m2\repository\com\jayway\jsonpath\json-path\2.5.0\json-path-2.5.0.jar;C:\Users\hollom\.m2\repository\net\minidev\json-smart\2.4.8\json-smart-2.4.8.jar;C:\Users\hollom\.m2\repository\net\minidev\accessors-smart\2.4.8\accessors-smart-2.4.8.jar;C:\Users\hollom\.m2\repository\org\ow2\asm\asm\9.1\asm-9.1.jar;C:\Users\hollom\.m2\repository\jakarta\xml\bind\jakarta.xml.bind-api\2.3.3\jakarta.xml.bind-api-2.3.3.jar;C:\Users\hollom\.m2\repository\jakarta\activation\jakarta.activation-api\1.2.2\jakarta.activation-api-1.2.2.jar;C:\Users\hollom\.m2\repository\org\assertj\assertj-core\3.19.0\assertj-core-3.19.0.jar;C:\Users\hollom\.m2\repository\org\hamcrest\hamcrest\2.2\hamcrest-2.2.jar;C:\Users\hollom\.m2\repository\org\junit\jupiter\junit-jupiter\5.7.2\junit-jupiter-5.7.2.jar;C:\Users\hollom\.m2\repository\org\junit\jupiter\junit-jupiter-api\5.7.2\junit-jupiter-api-5.7.2.jar;C:\Users\hollom\.m2\repository\org\apiguardian\apiguardian-api\1.1.0\apiguardian-api-1.1.0.jar;C:\Users\hollom\.m2\repository\org\opentest4j\opentest4j\1.2.0\opentest4j-1.2.0.jar;C:\Users\hollom\.m2\repository\org\junit\platform\junit-platform-commons\1.7.2\junit-platform-commons-1.7.2.jar;C:\Users\hollom\.m2\repository\org\junit\jupiter\junit-jupiter-params\5.7.2\junit-jupiter-params-5.7.2.jar;C:\Users\hollom\.m2\repository\org\junit\jupiter\junit-jupiter-engine\5.7.2\junit-jupiter-engine-5.7.2.jar;C:\Users\hollom\.m2\repository\org\junit\platform\junit-platform-engine\1.7.2\junit-platform-engine-1.7.2.jar;C:\Users\hollom\.m2\repository\org\mockito\mockito-core\3.9.0\mockito-core-3.9.0.jar;C:\Users\hollom\.m2\repository\net\bytebuddy\byte-buddy\1.10.22\byte-buddy-1.10.22.jar;C:\Users\hollom\.m2\repository\net\bytebuddy\byte-buddy-agent\1.10.22\byte-buddy-agent-1.10.22.jar;C:\Users\hollom\.m2\repository\org\objenesis\objenesis\3.2\objenesis-3.2.jar;C:\Users\hollom\.m2\repository\org\mockito\mockito-junit-jupiter\3.9.0\mockito-junit-jupiter-3.9.0.jar;C:\Users\hollom\.m2\repository\org\skyscreamer\jsonassert\1.5.0\jsonassert-1.5.0.jar;C:\Users\hollom\.m2\repository\com\vaadin\external\google\android-json\0.0.20131108.vaadin1\android-json-0.0.20131108.vaadin1.jar;C:\Users\hollom\.m2\repository\org\springframework\spring-test\5.3.19\spring-test-5.3.19.jar;C:\Users\hollom\.m2\repository\org\xmlunit\xmlunit-core\2.8.4\xmlunit-core-2.8.4.jar;C:\Users\hollom\.m2\repository\org\springframework\boot\spring-boot-starter-validation\2.5.13\spring-boot-starter-validation-2.5.13.jar;C:\Users\hollom\.m2\repository\org\apache\tomcat\embed\tomcat-embed-el\9.0.62\tomcat-embed-el-9.0.62.jar;C:\Users\hollom\.m2\repository\org\hibernate\validator\hibernate-validator\6.2.3.Final\hibernate-validator-6.2.3.Final.jar;C:\Users\hollom\.m2\repository\jakarta\validation\jakarta.validation-api\2.0.2\jakarta.validation-api-2.0.2.jar;C:\Users\hollom\.m2\repository\org\jboss\logging\jboss-logging\3.4.3.Final\jboss-logging-3.4.3.Final.jar;C:\Users\hollom\.m2\repository\com\fasterxml\classmate\1.5.1\classmate-1.5.1.jar;C:\Users\hollom\.m2\repository\org\mapstruct\mapstruct\1.4.2.Final\mapstruct-1.4.2.Final.jar;C:\Users\hollom\.m2\repository\org\springdoc\springdoc-openapi-ui\1.5.6\springdoc-openapi-ui-1.5.6.jar;C:\Users\hollom\.m2\repository\org\springdoc\springdoc-openapi-webmvc-core\1.5.6\springdoc-openapi-webmvc-core-1.5.6.jar;C:\Users\hollom\.m2\repository\org\springdoc\springdoc-openapi-common\1.5.6\springdoc-openapi-common-1.5.6.jar;C:\Users\hollom\.m2\repository\io\swagger\core\v3\swagger-models\2.1.7\swagger-models-2.1.7.jar;C:\Users\hollom\.m2\repository\io\swagger\core\v3\swagger-annotations\2.1.7\swagger-annotations-2.1.7.jar;C:\Users\hollom\.m2\repository\io\swagger\core\v3\swagger-integration\2.1.7\swagger-integration-2.1.7.jar;C:\Users\hollom\.m2\repository\io\swagger\core\v3\swagger-core\2.1.7\swagger-core-2.1.7.jar;C:\Users\hollom\.m2\repository\com\fasterxml\jackson\dataformat\jackson-dataformat-yaml\2.12.6\jackson-dataformat-yaml-2.12.6.jar;C:\Users\hollom\.m2\repository\io\github\classgraph\classgraph\4.8.69\classgraph-4.8.69.jar;C:\Users\hollom\.m2\repository\org\apache\commons\commons-lang3\3.12.0\commons-lang3-3.12.0.jar;C:\Users\hollom\.m2\repository\org\webjars\swagger-ui\3.45.0\swagger-ui-3.45.0.jar;C:\Users\hollom\.m2\repository\org\webjars\webjars-locator-core\0.46\webjars-locator-core-0.46.jar;C:\Users\hollom\.m2\repository\com\fasterxml\jackson\core\jackson-core\2.12.6\jackson-core-2.12.6.jar;"/>
    <property name="sun.cpu.endian" value="little"/>
    <property name="user.home" value="C:\Users\hollom"/>
    <property name="user.language" value="hu"/>
    <property name="java.specification.vendor" value="Oracle Corporation"/>
    <property name="java.version.date" value="2022-01-18"/>
    <property name="java.home" value="C:\Users\hollom\.p2\pool\plugins\org.eclipse.justj.openjdk.hotspot.jre.full.win32.x86_64_17.0.2.v20220201-1208\jre"/>
    <property name="file.separator" value="\"/>
    <property name="basedir" value="C:\Users\hollom\Documents\Java\hr"/>
    <property name="java.vm.compressedOopsMode" value="Zero based"/>
    <property name="line.separator" value="&#10;"/>
    <property name="java.vm.specification.vendor" value="Oracle Corporation"/>
    <property name="java.specification.name" value="Java Platform API Specification"/>
    <property name="surefire.real.class.path" value="C:\Users\hollom\AppData\Local\Temp\surefire7928548726750173675\surefirebooter7845167011141523353.jar"/>
    <property name="user.script" value=""/>
    <property name="sun.management.compiler" value="HotSpot 64-Bit Tiered Compilers"/>
    <property name="java.runtime.version" value="17.0.2+8"/>
    <property name="user.name" value="hollom"/>
    <property name="path.separator" value=";"/>
    <property name="os.version" value="10.0"/>
    <property name="java.runtime.name" value="OpenJDK Runtime Environment"/>
    <property name="file.encoding" value="Cp1250"/>
    <property name="java.vm.name" value="OpenJDK 64-Bit Server VM"/>
    <property name="java.vendor.version" value="Temurin-17.0.2+8"/>
    <property name="localRepository" value="C:\Users\hollom\.m2\repository"/>
    <property name="java.vendor.url.bug" value="https://github.com/adoptium/adoptium-support/issues"/>
    <property name="java.io.tmpdir" value="C:\Users\hollom\AppData\Local\Temp\"/>
    <property name="java.version" value="17.0.2"/>
    <property name="user.dir" value="C:\Users\hollom\Documents\Java\hr"/>
    <property name="os.arch" value="amd64"/>
    <property name="java.vm.specification.name" value="Java Virtual Machine Specification"/>
    <property name="sun.os.patch.level" value=""/>
    <property name="native.encoding" value="Cp1250"/>
    <property name="java.library.path" value="C:\Users\hollom\.p2\pool\plugins\org.eclipse.justj.openjdk.hotspot.jre.full.win32.x86_64_17.0.2.v20220201-1208\jre\bin;C:\Windows\Sun\Java\bin;C:\Windows\system32;C:\Windows;C:/Users/hollom/.p2/pool/plugins/org.eclipse.justj.openjdk.hotspot.jre.full.win32.x86_64_17.0.2.v20220201-1208/jre/bin/server;C:/Users/hollom/.p2/pool/plugins/org.eclipse.justj.openjdk.hotspot.jre.full.win32.x86_64_17.0.2.v20220201-1208/jre/bin;C:\Program Files (x86)\Common Files\Oracle\Java\javapath;C:\Windows\system32;C:\Windows;C:\Windows\System32\Wbem;C:\Windows\System32\WindowsPowerShell\v1.0\;C:\Windows\System32\OpenSSH\;C:\Program Files\Microsoft VS Code\bin;C:\Program Files\Git\cmd;C:\Program Files\PuTTY\;C:\Program Files\Docker\Docker\resources\bin;C:\ProgramData\DockerDesktop\version-bin;C:\Program Files\nodejs\;C:\xampp\php;C:\composer;C:\Program Files (x86)\Yarn\bin\;C:\Users\hollom\AppData\Local\Microsoft\WindowsApps;C:\Users\hollom\AppData\Roaming\npm;C:\Users\hollom\AppData\Local\Yarn\bin;C:\Users\hollom\Desktop;;."/>
    <property name="java.vm.info" value="mixed mode"/>
    <property name="java.vendor" value="Eclipse Adoptium"/>
    <property name="java.vm.version" value="17.0.2+8"/>
    <property name="sun.io.unicode.encoding" value="UnicodeLittle"/>
    <property name="java.class.version" value="61.0"/>
  </properties>
  <testcase name="hu.webuni.airport.mark.HrApplicationTests" classname="hu.webuni.airport.mark.HrApplicationTests" time="0.177">
    <error message="Unable to find a @SpringBootConfiguration, you need to use @ContextConfiguration or @SpringBootTest(classes=...) with your test" type="java.lang.IllegalStateException">java.lang.IllegalStateException: Unable to find a @SpringBootConfiguration, you need to use @ContextConfiguration or @SpringBootTest(classes=...) with your test
</error>
    <system-out><![CDATA[18:41:47.009 [main] DEBUG org.springframework.test.context.BootstrapUtils - Instantiating CacheAwareContextLoaderDelegate from class [org.springframework.test.context.cache.DefaultCacheAwareContextLoaderDelegate]
18:41:47.018 [main] DEBUG org.springframework.test.context.BootstrapUtils - Instantiating BootstrapContext using constructor [public org.springframework.test.context.support.DefaultBootstrapContext(java.lang.Class,org.springframework.test.context.CacheAwareContextLoaderDelegate)]
18:41:47.054 [main] DEBUG org.springframework.test.context.BootstrapUtils - Instantiating TestContextBootstrapper for test class [hu.webuni.airport.mark.HrApplicationTests] from class [org.springframework.boot.test.context.SpringBootTestContextBootstrapper]
18:41:47.063 [main] INFO org.springframework.boot.test.context.SpringBootTestContextBootstrapper - Neither @ContextConfiguration nor @ContextHierarchy found for test class [hu.webuni.airport.mark.HrApplicationTests], using SpringBootContextLoader
18:41:47.065 [main] DEBUG org.springframework.test.context.support.AbstractContextLoader - Did not detect default resource location for test class [hu.webuni.airport.mark.HrApplicationTests]: class path resource [hu/webuni/airport/mark/HrApplicationTests-context.xml] does not exist
18:41:47.066 [main] DEBUG org.springframework.test.context.support.AbstractContextLoader - Did not detect default resource location for test class [hu.webuni.airport.mark.HrApplicationTests]: class path resource [hu/webuni/airport/mark/HrApplicationTestsContext.groovy] does not exist
18:41:47.066 [main] INFO org.springframework.test.context.support.AbstractContextLoader - Could not detect default resource locations for test class [hu.webuni.airport.mark.HrApplicationTests]: no resource found for suffixes {-context.xml, Context.groovy}.
18:41:47.066 [main] INFO org.springframework.test.context.support.AnnotationConfigContextLoaderUtils - Could not detect default configuration classes for test class [hu.webuni.airport.mark.HrApplicationTests]: HrApplicationTests does not declare any static, non-private, non-final, nested classes annotated with @Configuration.
18:41:47.102 [main] DEBUG org.springframework.test.context.support.ActiveProfilesUtils - Could not find an 'annotation declaring class' for annotation type [org.springframework.test.context.ActiveProfiles] and class [hu.webuni.airport.mark.HrApplicationTests]
]]></system-out>
  </testcase>
</testsuite>